<?xml version="1.0" encoding="UTF-8"?>
<testng-results ignored="0" total="3" passed="3" failed="0" skipped="0">
  <reporter-output>
  </reporter-output>
  <suite started-at="2026-01-31T15:47:52 MSK" name="Surefire suite" finished-at="2026-01-31T15:48:09 MSK" duration-ms="16425">
    <groups>
    </groups>
    <test started-at="2026-01-31T15:47:52 MSK" name="Surefire test" finished-at="2026-01-31T15:48:09 MSK" duration-ms="16425">
      <class name="com.selenium.tests.tests.FormAuthenticationTest">
        <test-method is-config="true" signature="setUp()[pri:0, instance:com.selenium.tests.tests.FormAuthenticationTest@62bd765]" started-at="2026-01-31T15:47:52 MSK" name="setUp" finished-at="2026-01-31T15:47:55 MSK" duration-ms="3208" status="PASS">
          <reporter-output>
          </reporter-output>
        </test-method> <!-- setUp -->
        <test-method signature="testLoginWithEmptyUsername()[pri:0, instance:com.selenium.tests.tests.FormAuthenticationTest@62bd765]" started-at="2026-01-31T15:47:55 MSK" name="testLoginWithEmptyUsername" description="Verify error message with empty username" finished-at="2026-01-31T15:47:58 MSK" duration-ms="2666" status="PASS">
          <reporter-output>
          </reporter-output>
        </test-method> <!-- testLoginWithEmptyUsername -->
        <test-method is-config="true" signature="tearDown()[pri:0, instance:com.selenium.tests.tests.FormAuthenticationTest@62bd765]" started-at="2026-01-31T15:47:58 MSK" name="tearDown" finished-at="2026-01-31T15:47:58 MSK" duration-ms="136" status="PASS">
          <reporter-output>
          </reporter-output>
        </test-method> <!-- tearDown -->
        <test-method is-config="true" signature="setUp()[pri:0, instance:com.selenium.tests.tests.FormAuthenticationTest@62bd765]" started-at="2026-01-31T15:47:58 MSK" name="setUp" finished-at="2026-01-31T15:48:00 MSK" duration-ms="2255" status="PASS">
          <reporter-output>
          </reporter-output>
        </test-method> <!-- setUp -->
        <test-method signature="testLoginWithInvalidCredentials()[pri:0, instance:com.selenium.tests.tests.FormAuthenticationTest@62bd765]" started-at="2026-01-31T15:48:00 MSK" name="testLoginWithInvalidCredentials" description="Verify error message with invalid credentials" finished-at="2026-01-31T15:48:03 MSK" duration-ms="2701" status="PASS">
          <reporter-output>
          </reporter-output>
        </test-method> <!-- testLoginWithInvalidCredentials -->
        <test-method is-config="true" signature="tearDown()[pri:0, instance:com.selenium.tests.tests.FormAuthenticationTest@62bd765]" started-at="2026-01-31T15:48:03 MSK" name="tearDown" finished-at="2026-01-31T15:48:03 MSK" duration-ms="85" status="PASS">
          <reporter-output>
          </reporter-output>
        </test-method> <!-- tearDown -->
        <test-method is-config="true" signature="setUp()[pri:0, instance:com.selenium.tests.tests.FormAuthenticationTest@62bd765]" started-at="2026-01-31T15:48:03 MSK" name="setUp" finished-at="2026-01-31T15:48:06 MSK" duration-ms="2593" status="PASS">
          <reporter-output>
          </reporter-output>
        </test-method> <!-- setUp -->
        <test-method signature="testLoginWithValidCredentials()[pri:0, instance:com.selenium.tests.tests.FormAuthenticationTest@62bd765]" started-at="2026-01-31T15:48:06 MSK" name="testLoginWithValidCredentials" description="Verify successful login with valid credentials" finished-at="2026-01-31T15:48:08 MSK" duration-ms="2659" status="PASS">
          <reporter-output>
          </reporter-output>
        </test-method> <!-- testLoginWithValidCredentials -->
        <test-method is-config="true" signature="tearDown()[pri:0, instance:com.selenium.tests.tests.FormAuthenticationTest@62bd765]" started-at="2026-01-31T15:48:08 MSK" name="tearDown" finished-at="2026-01-31T15:48:09 MSK" duration-ms="80" status="PASS">
          <reporter-output>
          </reporter-output>
        </test-method> <!-- tearDown -->
      </class> <!-- com.selenium.tests.tests.FormAuthenticationTest -->
    </test> <!-- Surefire test -->
  </suite> <!-- Surefire suite -->
</testng-results>
