<?xml version="1.0" encoding="UTF-8"?>
<!-- Generated by org.testng.reporters.JUnitReportReporter -->
<testsuite hostname="cukw" failures="0" tests="3" name="com.selenium.tests.tests.FormAuthenticationTest" time="16.383" errors="0" timestamp="2026-01-31T15:48:09 MSK" skipped="0">
  <testcase classname="com.selenium.tests.tests.FormAuthenticationTest" name="testLoginWithInvalidCredentials" time="6.045"/>
  <testcase classname="com.selenium.tests.tests.FormAuthenticationTest" name="testLoginWithValidCredentials" time="4.994"/>
  <testcase classname="com.selenium.tests.tests.FormAuthenticationTest" name="testLoginWithEmptyUsername" time="5.344"/>
</testsuite> <!-- com.selenium.tests.tests.FormAuthenticationTest -->
