<?xml version="1.0" encoding="UTF-8"?>
<!-- Generated by org.testng.reporters.JUnitXMLReporter -->
<testsuite ignored="0" hostname="cukw" failures="0" tests="3" name="Surefire test" time="16.425" errors="0" timestamp="2026-01-31T15:48:09 MSK">
  <testcase classname="com.selenium.tests.tests.FormAuthenticationTest" name="testLoginWithEmptyUsername" time="2.666"/>
  <testcase classname="com.selenium.tests.tests.FormAuthenticationTest" name="testLoginWithInvalidCredentials" time="2.701"/>
  <testcase classname="com.selenium.tests.tests.FormAuthenticationTest" name="testLoginWithValidCredentials" time="2.659"/>
</testsuite> <!-- Surefire test -->
